# JRE version: OpenJDK Runtime Environment (8.0) (build 1.8.0-adoptopenjdk-_2018_05_19_00_59-b00)
# Java VM: OpenJDK 64-Bit Server VM (25.71-b00 mixed mode windows-amd64 compressed oops)
Heap:
 PSYoungGen      total 105472K, used 91238K [0x000000076ab00000, 0x0000000773880000, 0x00000007c0000000)
  eden space 93696K, 87% used [0x000000076ab00000,0x000000076faed470,0x0000000770680000)
  from space 11776K, 79% used [0x0000000770680000,0x0000000770fac770,0x0000000771200000)
  to   space 12288K, 0% used [0x0000000772c80000,0x0000000772c80000,0x0000000773880000)
 ParOldGen       total 73728K, used 14896K [0x00000006c0000000, 0x00000006c4800000, 0x000000076ab00000)
  object space 73728K, 20% used [0x00000006c0000000,0x00000006c0e8c060,0x00000006c4800000)
 Metaspace       used 44396K, capacity 45350K, committed 45696K, reserved 1089536K
  class space    used 5720K, capacity 5988K, committed 6016K, reserved 1048576K
GC Heap History (10 events):
Event: 18.879 GC heap before
{Heap before GC invocations=9 (full 1):
 PSYoungGen      total 43008K, used 32256K [0x000000076ab00000, 0x000000076ff00000, 0x00000007c0000000)
  eden space 32256K, 100% used [0x000000076ab00000,0x000000076ca80000,0x000000076ca80000)
  from space 10752K, 0% used [0x000000076ca80000,0x000000076ca80000,0x000000076d500000)
  to   space 10752K, 0% used [0x000000076f480000,0x000000076f480000,0x000000076ff00000)
 ParOldGen       total 48640K, used 7080K [0x00000006c0000000, 0x00000006c2f80000, 0x000000076ab00000)
  object space 48640K, 14% used [0x00000006c0000000,0x00000006c06ea070,0x00000006c2f80000)
 Metaspace       used 24026K, capacity 24606K, committed 24832K, reserved 1071104K
  class space    used 3368K, capacity 3563K, committed 3584K, reserved 1048576K
Event: 18.913 GC heap after
Heap after GC invocations=9 (full 1):
 PSYoungGen      total 69120K, used 4056K [0x000000076ab00000, 0x000000076fc00000, 0x00000007c0000000)
  eden space 61440K, 0% used [0x000000076ab00000,0x000000076ab00000,0x000000076e700000)
  from space 7680K, 52% used [0x000000076f480000,0x000000076f8760a8,0x000000076fc00000)
  to   space 10752K, 0% used [0x000000076e700000,0x000000076e700000,0x000000076f180000)
 ParOldGen       total 48640K, used 7088K [0x00000006c0000000, 0x00000006c2f80000, 0x000000076ab00000)
  object space 48640K, 14% used [0x00000006c0000000,0x00000006c06ec070,0x00000006c2f80000)
 Metaspace       used 24026K, capacity 24606K, committed 24832K, reserved 1071104K
  class space    used 3368K, capacity 3563K, committed 3584K, reserved 1048576K
}
Event: 21.585 GC heap before
{Heap before GC invocations=10 (full 1):
 PSYoungGen      total 69120K, used 65496K [0x000000076ab00000, 0x000000076fc00000, 0x00000007c0000000)
  eden space 61440K, 100% used [0x000000076ab00000,0x000000076e700000,0x000000076e700000)
  from space 7680K, 52% used [0x000000076f480000,0x000000076f8760a8,0x000000076fc00000)
  to   space 10752K, 0% used [0x000000076e700000,0x000000076e700000,0x000000076f180000)
 ParOldGen       total 48640K, used 7088K [0x00000006c0000000, 0x00000006c2f80000, 0x000000076ab00000)
  object space 48640K, 14% used [0x00000006c0000000,0x00000006c06ec070,0x00000006c2f80000)
 Metaspace       used 32761K, capacity 33378K, committed 33792K, reserved 1079296K
  class space    used 4338K, capacity 4537K, committed 4608K, reserved 1048576K
Event: 21.619 GC heap after
Heap after GC invocations=10 (full 1):
 PSYoungGen      total 72192K, used 10274K [0x000000076ab00000, 0x0000000771f00000, 0x00000007c0000000)
  eden space 61440K, 0% used [0x000000076ab00000,0x000000076ab00000,0x000000076e700000)
  from space 10752K, 95% used [0x000000076e700000,0x000000076f1089d8,0x000000076f180000)
  to   space 12288K, 0% used [0x0000000771300000,0x0000000771300000,0x0000000771f00000)
 ParOldGen       total 48640K, used 7096K [0x00000006c0000000, 0x00000006c2f80000, 0x000000076ab00000)
  object space 48640K, 14% used [0x00000006c0000000,0x00000006c06ee070,0x00000006c2f80000)
 Metaspace       used 32761K, capacity 33378K, committed 33792K, reserved 1079296K
  class space    used 4338K, capacity 4537K, committed 4608K, reserved 1048576K
}
Event: 22.935 GC heap before
{Heap before GC invocations=11 (full 1):
 PSYoungGen      total 72192K, used 52813K [0x000000076ab00000, 0x0000000771f00000, 0x00000007c0000000)
  eden space 61440K, 69% used [0x000000076ab00000,0x000000076d48ab90,0x000000076e700000)
  from space 10752K, 95% used [0x000000076e700000,0x000000076f1089d8,0x000000076f180000)
  to   space 12288K, 0% used [0x0000000771300000,0x0000000771300000,0x0000000771f00000)
 ParOldGen       total 48640K, used 7096K [0x00000006c0000000, 0x00000006c2f80000, 0x000000076ab00000)
  object space 48640K, 14% used [0x00000006c0000000,0x00000006c06ee070,0x00000006c2f80000)
 Metaspace       used 34419K, capacity 35212K, committed 35416K, reserved 1079296K
  class space    used 4586K, capacity 4844K, committed 4864K, reserved 1048576K
Event: 22.950 GC heap after
Heap after GC invocations=11 (full 1):
 PSYoungGen      total 104448K, used 7072K [0x000000076ab00000, 0x0000000771d80000, 0x00000007c0000000)
  eden space 93696K, 0% used [0x000000076ab00000,0x000000076ab00000,0x0000000770680000)
  from space 10752K, 65% used [0x0000000771300000,0x00000007719e8218,0x0000000771d80000)
  to   space 11776K, 0% used [0x0000000770680000,0x0000000770680000,0x0000000771200000)
 ParOldGen       total 48640K, used 8455K [0x00000006c0000000, 0x00000006c2f80000, 0x000000076ab00000)
  object space 48640K, 17% used [0x00000006c0000000,0x00000006c0841da0,0x00000006c2f80000)
 Metaspace       used 34419K, capacity 35212K, committed 35416K, reserved 1079296K
  class space    used 4586K, capacity 4844K, committed 4864K, reserved 1048576K
}
Event: 22.950 GC heap before
{Heap before GC invocations=12 (full 2):
 PSYoungGen      total 104448K, used 7072K [0x000000076ab00000, 0x0000000771d80000, 0x00000007c0000000)
  eden space 93696K, 0% used [0x000000076ab00000,0x000000076ab00000,0x0000000770680000)
  from space 10752K, 65% used [0x0000000771300000,0x00000007719e8218,0x0000000771d80000)
  to   space 11776K, 0% used [0x0000000770680000,0x0000000770680000,0x0000000771200000)
 ParOldGen       total 48640K, used 8455K [0x00000006c0000000, 0x00000006c2f80000, 0x000000076ab00000)
  object space 48640K, 17% used [0x00000006c0000000,0x00000006c0841da0,0x00000006c2f80000)
 Metaspace       used 34419K, capacity 35212K, committed 35416K, reserved 1079296K
  class space    used 4586K, capacity 4844K, committed 4864K, reserved 1048576K
Event: 23.160 GC heap after
Heap after GC invocations=12 (full 2):
 PSYoungGen      total 104448K, used 0K [0x000000076ab00000, 0x0000000771d80000, 0x00000007c0000000)
  eden space 93696K, 0% used [0x000000076ab00000,0x000000076ab00000,0x0000000770680000)
  from space 10752K, 0% used [0x0000000771300000,0x0000000771300000,0x0000000771d80000)
  to   space 11776K, 0% used [0x0000000770680000,0x0000000770680000,0x0000000771200000)
 ParOldGen       total 73728K, used 14888K [0x00000006c0000000, 0x00000006c4800000, 0x000000076ab00000)
  object space 73728K, 20% used [0x00000006c0000000,0x00000006c0e8a060,0x00000006c4800000)
 Metaspace       used 34385K, capacity 35086K, committed 35416K, reserved 1079296K
  class space    used 4575K, capacity 4802K, committed 4864K, reserved 1048576K
}
Event: 26.651 GC heap before
{Heap before GC invocations=13 (full 2):
 PSYoungGen      total 104448K, used 93696K [0x000000076ab00000, 0x0000000771d80000, 0x00000007c0000000)
  eden space 93696K, 100% used [0x000000076ab00000,0x0000000770680000,0x0000000770680000)
  from space 10752K, 0% used [0x0000000771300000,0x0000000771300000,0x0000000771d80000)
  to   space 11776K, 0% used [0x0000000770680000,0x0000000770680000,0x0000000771200000)
 ParOldGen       total 73728K, used 14888K [0x00000006c0000000, 0x00000006c4800000, 0x000000076ab00000)
  object space 73728K, 20% used [0x00000006c0000000,0x00000006c0e8a060,0x00000006c4800000)
 Metaspace       used 41121K, capacity 41984K, committed 42368K, reserved 1085440K
  class space    used 5461K, capacity 5743K, committed 5760K, reserved 1048576K
Event: 26.664 GC heap after
Heap after GC invocations=13 (full 2):
 PSYoungGen      total 105472K, used 9393K [0x000000076ab00000, 0x0000000773880000, 0x00000007c0000000)
  eden space 93696K, 0% used [0x000000076ab00000,0x000000076ab00000,0x0000000770680000)
  from space 11776K, 79% used [0x0000000770680000,0x0000000770fac770,0x0000000771200000)
  to   space 12288K, 0% used [0x0000000772c80000,0x0000000772c80000,0x0000000773880000)
 ParOldGen       total 73728K, used 14896K [0x00000006c0000000, 0x00000006c4800000, 0x000000076ab00000)
  object space 73728K, 20% used [0x00000006c0000000,0x00000006c0e8c060,0x00000006c4800000)
 Metaspace       used 41121K, capacity 41984K, committed 42368K, reserved 1085440K
  class space    used 5461K, capacity 5743K, committed 5760K, reserved 1048576K
}

